Exception in thread "main" java.lang.RuntimeException: java.lang.NullPointerException (project.clj:1)
	at clojure.lang.Compiler.eval(Compiler.java:5440)
	at clojure.lang.Compiler.load(Compiler.java:5857)
	at clojure.lang.Compiler.loadFile(Compiler.java:5820)
	at clojure.lang.RT$3.invoke(RT.java:296)
	at bake.reload$load_files$fn__2329.invoke(reload.clj:46)
	at bake.reload$load_files.invoke(reload.clj:46)
	at bake.reload$reload_project_files.invoke(reload.clj:60)
	at cake.main$start_server.invoke(main.clj:37)
	at user$eval4157.invoke(NO_SOURCE_FILE:1)
	at clojure.lang.Compiler.eval(Compiler.java:5424)
	at clojure.lang.Compiler.eval(Compiler.java:5391)
	at clojure.core$eval.invoke(core.clj:2382)
	at clojure.main$eval_opt.invoke(main.clj:235)
	at clojure.main$initialize.invoke(main.clj:254)
	at clojure.main$null_opt.invoke(main.clj:279)
	at clojure.main$main.doInvoke(main.clj:354)
	at clojure.lang.RestFn.invoke(RestFn.java:422)
	at clojure.lang.Var.invoke(Var.java:369)
	at clojure.lang.AFn.applyToHelper(AFn.java:165)
	at clojure.lang.Var.applyTo(Var.java:482)
	at clojure.main.main(main.java:37)
Caused by: java.lang.RuntimeException: java.lang.NullPointerException
	at clojure.lang.LazySeq.sval(LazySeq.java:47)
	at clojure.lang.LazySeq.seq(LazySeq.java:56)
	at clojure.lang.RT.seq(RT.java:450)
	at clojure.core$seq.invoke(core.clj:122)
	at useful.fn$fix.doInvoke(fn.clj:28)
	at clojure.lang.RestFn.invoke(RestFn.java:440)
	at cake.project$create_project.doInvoke(project.clj:64)
	at clojure.lang.RestFn.applyTo(RestFn.java:140)
	at clojure.core$apply.invoke(core.clj:540)
	at cake.core$defproject.doInvoke(core.clj:14)
	at clojure.lang.RestFn.invoke(RestFn.java:1267)
	at clojure.lang.Var.invoke(Var.java:477)
	at clojure.lang.AFn.applyToHelper(AFn.java:412)
	at clojure.lang.Var.applyTo(Var.java:482)
	at clojure.lang.Compiler.macroexpand1(Compiler.java:5286)
	at clojure.lang.Compiler.macroexpand(Compiler.java:5341)
	at clojure.lang.Compiler.eval(Compiler.java:5409)
	... 20 more
Caused by: java.lang.NullPointerException
	at clojure.string$trim_newline.invoke(string.clj:217)
	at clojure.core$comp$fn__3642.invoke(core.clj:1946)
	at useful.fn$fix$call__187.invoke(fn.clj:27)
	at useful.fn$fix$iter__189__193$fn__194.invoke(fn.clj:32)
	at clojure.lang.LazySeq.sval(LazySeq.java:42)
	... 36 more
